<?xml version="1.0" encoding="UTF-8"?>
<!-- Generated by org.testng.reporters.JUnitReportReporter -->
<testsuite hostname="DESKTOP-22BKF8F" failures="0" tests="3" name="runner.ProfileRunner" time="0.489" errors="0" timestamp="2025-07-04T23:35:25 CDT" skipped="0">
  <testcase classname="runner.ProfileRunner" name="runScenario" time="0.006"/>
  <system-out/>
  <testcase classname="runner.ProfileRunner" name="runScenario" time="0.011"/>
  <system-out/>
  <testcase classname="runner.ProfileRunner" name="runScenario" time="0.472"/>
  <system-out/>
</testsuite> <!-- runner.ProfileRunner -->
