<?xml version="1.0" encoding="UTF-8"?>
<!-- Generated by org.testng.reporters.JUnitReportReporter -->
<testsuite hostname="DESKTOP-22BKF8F" failures="0" tests="1" name="runner.LoginWithDataRunner" time="0.499" errors="0" timestamp="2025-07-07T21:10:28 CDT" skipped="0">
  <testcase classname="runner.LoginWithDataRunner" name="runScenario" time="0.499"/>
  <system-out/>
</testsuite> <!-- runner.LoginWithDataRunner -->
