<?xml version="1.0" encoding="UTF-8"?>
<!-- Generated by org.testng.reporters.JUnitReportReporter -->
<testsuite hostname="DESKTOP-22BKF8F" failures="0" tests="1" name="runner.OrderRunner" time="0.674" errors="0" timestamp="2025-07-07T21:17:36 CDT" skipped="0">
  <testcase classname="runner.OrderRunner" name="runScenario" time="0.674"/>
  <system-out/>
</testsuite> <!-- runner.OrderRunner -->
