<?xml version="1.0" encoding="UTF-8"?>
<!-- Generated by org.testng.reporters.JUnitReportReporter -->
<testsuite hostname="DESKTOP-22BKF8F" failures="0" tests="2" name="runner.LoginRunner" time="0.540" errors="0" timestamp="2025-07-04T22:35:48 CDT" skipped="0">
  <testcase classname="runner.LoginRunner" name="runScenario" time="0.522"/>
  <system-out/>
  <testcase classname="runner.LoginRunner" name="runScenario" time="0.018"/>
  <system-out/>
</testsuite> <!-- runner.LoginRunner -->
