<?xml version="1.0" encoding="UTF-8"?>
<!-- Generated by org.testng.reporters.JUnitReportReporter -->
<testsuite hostname="DESKTOP-22BKF8F" failures="0" tests="3" name="runner.CampaignRunner" time="0.605" errors="0" timestamp="2025-07-07T21:36:35 CDT" skipped="0">
  <testcase classname="runner.CampaignRunner" name="runScenario" time="0.008"/>
  <system-out/>
  <testcase classname="runner.CampaignRunner" name="runScenario" time="0.586"/>
  <system-out/>
  <testcase classname="runner.CampaignRunner" name="runScenario" time="0.011"/>
  <system-out/>
</testsuite> <!-- runner.CampaignRunner -->
