<?xml version="1.0" encoding="UTF-8"?>
<!-- Generated by org.testng.reporters.JUnitReportReporter -->
<testsuite hostname="DESKTOP-22BKF8F" failures="0" tests="4" name="runner.ScenarioOutlineRunner" time="0.834" errors="0" timestamp="2025-07-07T21:09:17 CDT" skipped="0">
  <testcase classname="runner.ScenarioOutlineRunner" name="runScenario" time="0.034"/>
  <system-out/>
  <testcase classname="runner.ScenarioOutlineRunner" name="runScenario" time="0.046"/>
  <system-out/>
  <testcase classname="runner.ScenarioOutlineRunner" name="runScenario" time="0.704"/>
  <system-out/>
  <testcase classname="runner.ScenarioOutlineRunner" name="runScenario" time="0.050"/>
  <system-out/>
</testsuite> <!-- runner.ScenarioOutlineRunner -->
